[ERROR] [10:25:19,904] Plug-in com.parasoft.ptest.testgen.eclipse.core was unable to load class com.parasoft.ptest.testgen.api.GenerationCategoryWorkspacePreferences. at com.parasoft.ptest.common.eclipse.core.internal.runtime.EclipseExtensionReader.createClass(EclipseExtensionReader.java:109)
org.eclipse.core.runtime.CoreException: Plug-in com.parasoft.ptest.testgen.eclipse.core was unable to load class com.parasoft.ptest.testgen.api.GenerationCategoryWorkspacePreferences.
	at org.eclipse.core.internal.registry.osgi.RegistryStrategyOSGI.throwException(RegistryStrategyOSGI.java:212) ~[?:?]
	at org.eclipse.core.internal.registry.osgi.RegistryStrategyOSGI.createExecutableExtension(RegistryStrategyOSGI.java:198) ~[?:?]
	at org.eclipse.core.internal.registry.ExtensionRegistry.createExecutableExtension(ExtensionRegistry.java:920) ~[?:?]
	at org.eclipse.core.internal.registry.ConfigurationElement.createExecutableExtension(ConfigurationElement.java:246) ~[?:?]
	at org.eclipse.core.internal.registry.ConfigurationElementHandle.createExecutableExtension(ConfigurationElementHandle.java:63) ~[?:?]
	at com.parasoft.ptest.common.eclipse.core.internal.runtime.EclipseExtensionReader.createClass(EclipseExtensionReader.java:107) ~[?:?]
	at com.parasoft.ptest.application.api.extension.AbstractApplicationExtension.createClass(AbstractApplicationExtension.java:150) ~[?:?]
	at com.parasoft.ptest.checkers.api.internal.extensions.CheckerCategoryExtension.getWorkspacePreferences(CheckerCategoryExtension.java:87) ~[?:?]
	at com.parasoft.ptest.checkers.api.cli8.XtestParameters.loadPrefs(XtestParameters.java:447) ~[?:?]
	at com.parasoft.ptest.checkers.api.cli8.XtestParameters.<clinit>(XtestParameters.java:146) ~[?:?]
	at com.parasoft.ptest.testcases.eclipse.core.web.internal.cli.EclipseWebTestCliRunnable.createXtestParameters(EclipseWebTestCliRunnable.java:280) ~[?:?]
	at com.parasoft.ptest.checkers.api.cli8.AbstractCliRunnable.initXtestParameters(AbstractCliRunnable.java:539) ~[?:?]
	at com.parasoft.ptest.checkers.api.cli8.AbstractCliRunnable.run(AbstractCliRunnable.java:169) ~[?:?]
	at com.parasoft.ptest.testcases.eclipse.core.web.internal.cli.EclipseWebTestCliRunnable.run(EclipseWebTestCliRunnable.java:79) ~[?:?]
	at com.parasoft.ptest.checkers.eclipse.core.cli8.EclipseCliRunnable.start(EclipseCliRunnable.java:133) ~[?:?]
	at org.eclipse.equinox.internal.app.EclipseAppHandle.run(EclipseAppHandle.java:203) ~[?:?]
	at org.eclipse.core.runtime.internal.adaptor.EclipseAppLauncher.runApplication(EclipseAppLauncher.java:136) ~[?:?]
	at org.eclipse.core.runtime.internal.adaptor.EclipseAppLauncher.start(EclipseAppLauncher.java:104) ~[?:?]
	at org.eclipse.core.runtime.adaptor.EclipseStarter.run(EclipseStarter.java:402) ~[?:?]
	at org.eclipse.core.runtime.adaptor.EclipseStarter.run(EclipseStarter.java:255) ~[?:?]
	at jdk.internal.reflect.NativeMethodAccessorImpl.invoke0(Native Method) ~[?:?]
	at jdk.internal.reflect.NativeMethodAccessorImpl.invoke(NativeMethodAccessorImpl.java:62) ~[?:?]
	at jdk.internal.reflect.DelegatingMethodAccessorImpl.invoke(DelegatingMethodAccessorImpl.java:43) ~[?:?]
	at java.lang.reflect.Method.invoke(Method.java:566) ~[?:?]
	at org.eclipse.equinox.launcher.Main.invokeFramework(Main.java:659) ~[org.eclipse.equinox.launcher_1.6.400.v20210924-0641.jar:?]
	at org.eclipse.equinox.launcher.Main.basicRun(Main.java:596) ~[org.eclipse.equinox.launcher_1.6.400.v20210924-0641.jar:?]
	at org.eclipse.equinox.launcher.Main.run(Main.java:1467) ~[org.eclipse.equinox.launcher_1.6.400.v20210924-0641.jar:?]
	at org.eclipse.equinox.launcher.Main.main(Main.java:1440) ~[org.eclipse.equinox.launcher_1.6.400.v20210924-0641.jar:?]
Caused by: java.lang.ClassNotFoundException: com.parasoft.ptest.testgen.api.GenerationCategoryWorkspacePreferences cannot be found by com.parasoft.ptest.testgen.eclipse.core_10.6.2.202211091238
	at org.eclipse.osgi.internal.loader.BundleLoader.generateException(BundleLoader.java:541) ~[?:?]
	at org.eclipse.osgi.internal.loader.BundleLoader.findClass0(BundleLoader.java:536) ~[?:?]
	at org.eclipse.osgi.internal.loader.BundleLoader.findClass(BundleLoader.java:416) ~[?:?]
	at org.eclipse.osgi.internal.loader.ModuleClassLoader.loadClass(ModuleClassLoader.java:168) ~[?:?]
	at java.lang.ClassLoader.loadClass(ClassLoader.java:522) ~[?:?]
	at org.eclipse.osgi.internal.framework.EquinoxBundle.loadClass(EquinoxBundle.java:622) ~[?:?]
	at org.eclipse.core.internal.registry.osgi.RegistryStrategyOSGI.createExecutableExtension(RegistryStrategyOSGI.java:196) ~[?:?]
	... 26 more
[ERROR] [10:25:31,596] No environment named TestAssets\test.env found.  Default environment will be used.   at com.parasoft.ptest.testcases.web.AbstractWebTestRunnable.runSingleTest(AbstractWebTestRunnable.java:303)
webtool.environment.file.EnvironmentConfigurationException: No environment named TestAssets\test.env found.  Default environment will be used.  
	at webtool.environment.EnvironmentConfiguration.setRuntimeEnvironmentName(EnvironmentConfiguration.java:178) ~[?:?]
	at webtool.test.cli.RunTestUtil.applyRuntimeEnvironment(RunTestUtil.java:632) ~[?:?]
	at webtool.test.cli.RunTestUtil.applyEnvironment(RunTestUtil.java:657) ~[?:?]
	at com.parasoft.ptest.testcases.web.AbstractWebTestRunnable.runSingleTest(AbstractWebTestRunnable.java:300) ~[?:?]
	at com.parasoft.ptest.testcases.web.AbstractWebTestRunnable.run(AbstractWebTestRunnable.java:187) ~[?:?]
	at com.parasoft.ptest.execution.api.web.WebExecutionRunnable.launch(WebExecutionRunnable.java:531) ~[?:?]
	at com.parasoft.ptest.execution.api.runnable.AbstractExecutionRunnable.launch(AbstractExecutionRunnable.java:424) ~[?:?]
	at com.parasoft.ptest.execution.api.runnable.AbstractExecutionRunnable.runExecution(AbstractExecutionRunnable.java:284) ~[?:?]
	at com.parasoft.ptest.execution.api.runnable.AbstractExecutionRunnable.run0(AbstractExecutionRunnable.java:174) ~[?:?]
	at com.parasoft.ptest.checkers.api.run.AbstractRunnable.run(AbstractRunnable.java:213) ~[?:?]
	at com.parasoft.ptest.checkers.api.run.CategoryRunnable.run(CategoryRunnable.java:254) ~[?:?]
	at com.parasoft.ptest.checkers.api.run.ConfigRunner.runCheckerCategories(ConfigRunner.java:404) ~[?:?]
	at com.parasoft.ptest.checkers.api.run.ConfigRunner.runConfig(ConfigRunner.java:235) ~[?:?]
	at com.parasoft.ptest.checkers.api.cli8.AbstractCliRunnable.runConfig(AbstractCliRunnable.java:822) ~[?:?]
	at com.parasoft.ptest.checkers.api.cli8.AbstractCliRunnable.run(AbstractCliRunnable.java:401) ~[?:?]
	at com.parasoft.ptest.checkers.api.cli8.AbstractCliRunnable.run(AbstractCliRunnable.java:244) ~[?:?]
	at com.parasoft.ptest.testcases.eclipse.core.web.internal.cli.EclipseWebTestCliRunnable.run(EclipseWebTestCliRunnable.java:79) ~[?:?]
	at com.parasoft.ptest.checkers.eclipse.core.cli8.EclipseCliRunnable.start(EclipseCliRunnable.java:133) ~[?:?]
	at org.eclipse.equinox.internal.app.EclipseAppHandle.run(EclipseAppHandle.java:203) ~[?:?]
	at org.eclipse.core.runtime.internal.adaptor.EclipseAppLauncher.runApplication(EclipseAppLauncher.java:136) ~[?:?]
	at org.eclipse.core.runtime.internal.adaptor.EclipseAppLauncher.start(EclipseAppLauncher.java:104) ~[?:?]
	at org.eclipse.core.runtime.adaptor.EclipseStarter.run(EclipseStarter.java:402) ~[?:?]
	at org.eclipse.core.runtime.adaptor.EclipseStarter.run(EclipseStarter.java:255) ~[?:?]
	at jdk.internal.reflect.NativeMethodAccessorImpl.invoke0(Native Method) ~[?:?]
	at jdk.internal.reflect.NativeMethodAccessorImpl.invoke(NativeMethodAccessorImpl.java:62) ~[?:?]
	at jdk.internal.reflect.DelegatingMethodAccessorImpl.invoke(DelegatingMethodAccessorImpl.java:43) ~[?:?]
	at java.lang.reflect.Method.invoke(Method.java:566) ~[?:?]
	at org.eclipse.equinox.launcher.Main.invokeFramework(Main.java:659) ~[org.eclipse.equinox.launcher_1.6.400.v20210924-0641.jar:?]
	at org.eclipse.equinox.launcher.Main.basicRun(Main.java:596) ~[org.eclipse.equinox.launcher_1.6.400.v20210924-0641.jar:?]
	at org.eclipse.equinox.launcher.Main.run(Main.java:1467) ~[org.eclipse.equinox.launcher_1.6.400.v20210924-0641.jar:?]
	at org.eclipse.equinox.launcher.Main.main(Main.java:1440) ~[org.eclipse.equinox.launcher_1.6.400.v20210924-0641.jar:?]
